#! /usr/bin/vvp
:ivl_version "10.1 (stable)";
:ivl_delay_selection "TYPICAL";
:vpi_time_precision + 0;
:vpi_module "system";
:vpi_module "vhdl_sys";
:vpi_module "v2005_math";
:vpi_module "va_math";
S_0x555efabcf6f0 .scope module, "addertb" "addertb" 2 58;
 .timescale 0 0;
v0x555efabf1230_0 .var "a", 1 0;
v0x555efabf1360_0 .var "b", 1 0;
v0x555efabf1470_0 .var "cin", 0 0;
v0x555efabf1510_0 .net "cout", 0 0, L_0x555efabf1f60;  1 drivers
v0x555efabf15b0_0 .net "s", 1 0, L_0x555efabf20b0;  1 drivers
S_0x555efabcf870 .scope module, "uut" "adder" 2 67, 2 40 0, S_0x555efabcf6f0;
 .timescale 0 0;
    .port_info 0 /OUTPUT 2 "s"
    .port_info 1 /OUTPUT 1 "cout"
    .port_info 2 /INPUT 2 "a"
    .port_info 3 /INPUT 2 "b"
    .port_info 4 /INPUT 1 "cin"
P_0x555efabcc520 .param/l "N" 0 2 42, +C4<00000000000000000000000000000010>;
v0x555efabf0d50_0 .net "a", 1 0, v0x555efabf1230_0;  1 drivers
v0x555efabf0e30_0 .net "b", 1 0, v0x555efabf1360_0;  1 drivers
v0x555efabf0ed0_0 .net "cin", 0 0, v0x555efabf1470_0;  1 drivers
v0x555efabf0ff0_0 .net "cout", 0 0, L_0x555efabf1f60;  alias, 1 drivers
v0x555efabf10e0_0 .net "s", 1 0, L_0x555efabf20b0;  alias, 1 drivers
S_0x555efabcf9f0 .scope generate, "genblk1" "genblk1" 2 49, 2 49 0, S_0x555efabcf870;
 .timescale 0 0;
S_0x555efabcfbc0 .scope module, "x2" "bitadder2" 2 51, 2 14 0, S_0x555efabcf9f0;
 .timescale 0 0;
    .port_info 0 /OUTPUT 2 "s"
    .port_info 1 /OUTPUT 1 "cout"
    .port_info 2 /INPUT 2 "a"
    .port_info 3 /INPUT 2 "b"
    .port_info 4 /INPUT 1 "cin"
v0x555efabf0770_0 .net "a", 1 0, v0x555efabf1230_0;  alias, 1 drivers
v0x555efabf0870_0 .net "b", 1 0, v0x555efabf1360_0;  alias, 1 drivers
v0x555efabf0950_0 .net "cin", 0 0, v0x555efabf1470_0;  alias, 1 drivers
v0x555efabf0a20_0 .net "cout", 0 0, L_0x555efabf1f60;  alias, 1 drivers
v0x555efabf0af0_0 .net "s", 1 0, L_0x555efabf20b0;  alias, 1 drivers
v0x555efabf0be0_0 .net "x", 0 0, L_0x555efabf1910;  1 drivers
L_0x555efabf1a20 .part v0x555efabf1230_0, 0, 1;
L_0x555efabf1b50 .part v0x555efabf1360_0, 0, 1;
L_0x555efabf20b0 .concat8 [ 1 1 0 0], L_0x555efabc17a0, L_0x555efabf1c80;
L_0x555efabf21f0 .part v0x555efabf1230_0, 1, 1;
L_0x555efabf23e0 .part v0x555efabf1360_0, 1, 1;
S_0x555efabcfd90 .scope module, "x1" "bitadder1" 2 22, 2 1 0, S_0x555efabcfbc0;
 .timescale 0 0;
    .port_info 0 /OUTPUT 1 "s"
    .port_info 1 /OUTPUT 1 "cout"
    .port_info 2 /INPUT 1 "a"
    .port_info 3 /INPUT 1 "b"
    .port_info 4 /INPUT 1 "cin"
L_0x555efabc17a0 .functor XOR 1, L_0x555efabf1a20, L_0x555efabf1b50, v0x555efabf1470_0, C4<0>;
L_0x555efabf16f0 .functor XOR 1, L_0x555efabf1a20, L_0x555efabf1b50, C4<0>, C4<0>;
L_0x555efabf17b0 .functor AND 1, L_0x555efabf1a20, L_0x555efabf1b50, C4<1>, C4<1>;
L_0x555efabf1820 .functor AND 1, L_0x555efabf16f0, v0x555efabf1470_0, C4<1>, C4<1>;
L_0x555efabf1910 .functor OR 1, L_0x555efabf17b0, L_0x555efabf1820, C4<0>, C4<0>;
v0x555efabcff60_0 .net "a", 0 0, L_0x555efabf1a20;  1 drivers
v0x555efabef800_0 .net "b", 0 0, L_0x555efabf1b50;  1 drivers
v0x555efabef8c0_0 .net "cin", 0 0, v0x555efabf1470_0;  alias, 1 drivers
v0x555efabef960_0 .net "cout", 0 0, L_0x555efabf1910;  alias, 1 drivers
v0x555efabefa20_0 .net "s", 0 0, L_0x555efabc17a0;  1 drivers
v0x555efabefb30_0 .net "x1", 0 0, L_0x555efabf16f0;  1 drivers
v0x555efabefbf0_0 .net "x2", 0 0, L_0x555efabf17b0;  1 drivers
v0x555efabefcb0_0 .net "x3", 0 0, L_0x555efabf1820;  1 drivers
S_0x555efabefe10 .scope module, "x2" "bitadder1" 2 23, 2 1 0, S_0x555efabcfbc0;
 .timescale 0 0;
    .port_info 0 /OUTPUT 1 "s"
    .port_info 1 /OUTPUT 1 "cout"
    .port_info 2 /INPUT 1 "a"
    .port_info 3 /INPUT 1 "b"
    .port_info 4 /INPUT 1 "cin"
L_0x555efabf1c80 .functor XOR 1, L_0x555efabf21f0, L_0x555efabf23e0, L_0x555efabf1910, C4<0>;
L_0x555efabf1db0 .functor XOR 1, L_0x555efabf21f0, L_0x555efabf23e0, C4<0>, C4<0>;
L_0x555efabf1e50 .functor AND 1, L_0x555efabf21f0, L_0x555efabf23e0, C4<1>, C4<1>;
L_0x555efabf1ec0 .functor AND 1, L_0x555efabf1db0, L_0x555efabf1910, C4<1>, C4<1>;
L_0x555efabf1f60 .functor OR 1, L_0x555efabf1e50, L_0x555efabf1ec0, C4<0>, C4<0>;
v0x555efabf0080_0 .net "a", 0 0, L_0x555efabf21f0;  1 drivers
v0x555efabf0140_0 .net "b", 0 0, L_0x555efabf23e0;  1 drivers
v0x555efabf0200_0 .net "cin", 0 0, L_0x555efabf1910;  alias, 1 drivers
v0x555efabf0300_0 .net "cout", 0 0, L_0x555efabf1f60;  alias, 1 drivers
v0x555efabf03a0_0 .net "s", 0 0, L_0x555efabf1c80;  1 drivers
v0x555efabf0490_0 .net "x1", 0 0, L_0x555efabf1db0;  1 drivers
v0x555efabf0550_0 .net "x2", 0 0, L_0x555efabf1e50;  1 drivers
v0x555efabf0610_0 .net "x3", 0 0, L_0x555efabf1ec0;  1 drivers
    .scope S_0x555efabcf6f0;
T_0 ;
    %pushi/vec4 1, 0, 2;
    %store/vec4 v0x555efabf1230_0, 0, 2;
    %pushi/vec4 1, 0, 2;
    %store/vec4 v0x555efabf1360_0, 0, 2;
    %pushi/vec4 1, 0, 1;
    %store/vec4 v0x555efabf1470_0, 0, 1;
    %vpi_call 2 74 "$dumpfile", "adder_out.vcd" {0 0 0};
    %vpi_call 2 75 "$dumpvars", 32'sb00000000000000000000000000000000, S_0x555efabcf6f0 {0 0 0};
    %end;
    .thread T_0;
    .scope S_0x555efabcf6f0;
T_1 ;
    %delay 12, 0;
    %load/vec4 v0x555efabf1470_0;
    %inv;
    %store/vec4 v0x555efabf1470_0, 0, 1;
    %delay 12, 0;
    %load/vec4 v0x555efabf1360_0;
    %pad/u 32;
    %addi 2, 0, 32;
    %pushi/vec4 8, 0, 32;
    %mod;
    %pad/u 2;
    %store/vec4 v0x555efabf1360_0, 0, 2;
    %delay 12, 0;
    %load/vec4 v0x555efabf1230_0;
    %pad/u 32;
    %addi 1, 0, 32;
    %pushi/vec4 8, 0, 32;
    %mod;
    %pad/u 2;
    %store/vec4 v0x555efabf1230_0, 0, 2;
    %jmp T_1;
    .thread T_1;
# The file index is used to find the file name in the following table.
:file_names 3;
    "N/A";
    "<interactive>";
    "task2.v";
